<?xml version="1.0" encoding="UTF-8"?>
<testng-results ignored="0" total="2" passed="2" failed="0" skipped="0">
  <reporter-output>
  </reporter-output>
  <suite started-at="2022-06-21T00:54:08 IST" name="Suite" finished-at="2022-06-21T00:54:20 IST" duration-ms="11774">
    <groups>
    </groups>
    <test started-at="2022-06-21T00:54:08 IST" name="Test" finished-at="2022-06-21T00:54:20 IST" duration-ms="11774">
      <class name="POMTestClasses.UsrMgmntRegistrationMasterTest">
        <test-method is-config="true" signature="startDriver()[pri:0, instance:POMTestClasses.UsrMgmntRegistrationMasterTest@50ad3bc1]" started-at="2022-06-21T00:54:14 IST" name="startDriver" finished-at="2022-06-21T00:54:16 IST" duration-ms="1434" status="PASS">
          <reporter-output>
          </reporter-output>
        </test-method> <!-- startDriver -->
        <test-method signature="RunLoginTest()[pri:0, instance:POMTestClasses.UsrMgmntRegistrationMasterTest@50ad3bc1]" started-at="2022-06-21T00:54:16 IST" name="RunLoginTest" finished-at="2022-06-21T00:54:20 IST" duration-ms="4050" status="PASS">
          <reporter-output>
          </reporter-output>
        </test-method> <!-- RunLoginTest -->
        <test-method is-config="true" signature="takescreeshot()[pri:0, instance:POMTestClasses.UsrMgmntRegistrationMasterTest@50ad3bc1]" started-at="2022-06-21T00:54:20 IST" name="takescreeshot" finished-at="2022-06-21T00:54:20 IST" duration-ms="311" status="PASS">
          <reporter-output>
          </reporter-output>
        </test-method> <!-- takescreeshot -->
      </class> <!-- POMTestClasses.UsrMgmntRegistrationMasterTest -->
      <class name="POMTestClasses.LoginTest">
        <test-method is-config="true" signature="startDriver()[pri:0, instance:POMTestClasses.LoginTest@3d1cfad4]" started-at="2022-06-21T00:54:08 IST" name="startDriver" finished-at="2022-06-21T00:54:10 IST" duration-ms="2269" status="PASS">
          <reporter-output>
          </reporter-output>
        </test-method> <!-- startDriver -->
        <test-method signature="RunLoginTest()[pri:0, instance:POMTestClasses.LoginTest@3d1cfad4]" started-at="2022-06-21T00:54:10 IST" name="RunLoginTest" finished-at="2022-06-21T00:54:14 IST" duration-ms="3411" status="PASS">
          <reporter-output>
          </reporter-output>
        </test-method> <!-- RunLoginTest -->
        <test-method is-config="true" signature="takescreeshot()[pri:0, instance:POMTestClasses.LoginTest@3d1cfad4]" started-at="2022-06-21T00:54:14 IST" name="takescreeshot" finished-at="2022-06-21T00:54:14 IST" duration-ms="261" status="PASS">
          <reporter-output>
          </reporter-output>
        </test-method> <!-- takescreeshot -->
      </class> <!-- POMTestClasses.LoginTest -->
    </test> <!-- Test -->
  </suite> <!-- Suite -->
</testng-results>
